androbd/build/outputs/logs/manifest-merger-debug-report.txt
-- Merging decision tree log ---
manifest
ADDED from src/main/AndroidManifest.xml:2:1-81:12
INJECTED from src/main/AndroidManifest.xml:2:1-81:12
INJECTED from src/main/AndroidManifest.xml:2:1-81:12
INJECTED from src/main/AndroidManifest.xml:2:1-81:12
MERGED from [:plugin] AndroidManifest.xml:2:1-21:12
INJECTED from src/main/AndroidManifest.xml:2:1-81:12
INJECTED from src/main/AndroidManifest.xml:2:1-81:12
INJECTED from src/main/AndroidManifest.xml:2:1-81:12
	package
		ADDED from src/main/AndroidManifest.xml:3:5-42
		INJECTED from src/main/AndroidManifest.xml
		INJECTED from src/main/AndroidManifest.xml
	android:versionName
		INJECTED from src/main/AndroidManifest.xml
		ADDED from src/main/AndroidManifest.xml:2:1-81:12
		INJECTED from src/main/AndroidManifest.xml
	android:versionCode
		INJECTED from src/main/AndroidManifest.xml
		ADDED from src/main/AndroidManifest.xml:2:1-81:12
		INJECTED from src/main/AndroidManifest.xml
	xmlns:android
		ADDED from src/main/AndroidManifest.xml:4:5-63
uses-permission#android.permission.BLUETOOTH_ADMIN
ADDED from src/main/AndroidManifest.xml:7:5-73
	android:name
		ADDED from src/main/AndroidManifest.xml:7:22-71
uses-permission#android.permission.BLUETOOTH
ADDED from src/main/AndroidManifest.xml:9:5-67
	android:name
		ADDED from src/main/AndroidManifest.xml:9:22-65
uses-permission#android.permission.WAKE_LOCK
ADDED from src/main/AndroidManifest.xml:11:5-67
	android:name
		ADDED from src/main/AndroidManifest.xml:11:22-65
uses-permission#android.permission.READ_EXTERNAL_STORAGE
ADDED from src/main/AndroidManifest.xml:13:5-79
	android:name
		ADDED from src/main/AndroidManifest.xml:13:22-77
uses-permission#android.permission.WRITE_EXTERNAL_STORAGE
ADDED from src/main/AndroidManifest.xml:15:5-80
	android:name
		ADDED from src/main/AndroidManifest.xml:15:22-78
uses-permission#android.permission.ACCESS_NETWORK_STATE
ADDED from src/main/AndroidManifest.xml:17:5-78
	android:name
		ADDED from src/main/AndroidManifest.xml:17:22-76
uses-permission#android.permission.INTERNET
ADDED from src/main/AndroidManifest.xml:18:5-66
	android:name
		ADDED from src/main/AndroidManifest.xml:18:22-64
application
ADDED from src/main/AndroidManifest.xml:21:5-79:19
MERGED from [:plugin] AndroidManifest.xml:11:5-19:19
MERGED from [:plugin] AndroidManifest.xml:11:5-19:19
	android:label
		ADDED from src/main/AndroidManifest.xml:25:9-41
	android:fullBackupContent
		ADDED from src/main/AndroidManifest.xml:23:9-41
	android:icon
		ADDED from src/main/AndroidManifest.xml:24:9-43
	android:allowBackup
		ADDED from src/main/AndroidManifest.xml:22:9-35
	android:description
		ADDED from src/main/AndroidManifest.xml:26:9-54
	android:theme
		ADDED from src/main/AndroidManifest.xml:27:9-40
activity#com.fr3ts0n.ecu.gui.androbd.MainActivity
ADDED from src/main/AndroidManifest.xml:28:9-48:20
	android:label
		ADDED from src/main/AndroidManifest.xml:31:13-45
	android:configChanges
		ADDED from src/main/AndroidManifest.xml:30:13-74
	android:name
		ADDED from src/main/AndroidManifest.xml:29:13-41
intent-filter#action:name:android.intent.action.MAIN+category:name:android.intent.category.LAUNCHER
ADDED from src/main/AndroidManifest.xml:33:13-36:29
action#android.intent.action.MAIN
ADDED from src/main/AndroidManifest.xml:34:17-68
	android:name
		ADDED from src/main/AndroidManifest.xml:34:25-66
category#android.intent.category.LAUNCHER
ADDED from src/main/AndroidManifest.xml:35:17-76
	android:name
		ADDED from src/main/AndroidManifest.xml:35:27-74
intent-filter#action:name:android.hardware.usb.action.USB_DEVICE_ATTACHED
ADDED from src/main/AndroidManifest.xml:37:13-39:29
action#android.hardware.usb.action.USB_DEVICE_ATTACHED
ADDED from src/main/AndroidManifest.xml:38:17-89
	android:name
		ADDED from src/main/AndroidManifest.xml:38:25-87
intent-filter#action:name:android.intent.action.VIEW
ADDED from src/main/AndroidManifest.xml:40:13-42:29
action#android.intent.action.VIEW
ADDED from src/main/AndroidManifest.xml:41:17-68
	android:name
		ADDED from src/main/AndroidManifest.xml:41:25-66
meta-data#android.hardware.usb.action.USB_DEVICE_ATTACHED
ADDED from src/main/AndroidManifest.xml:45:13-47:56
	android:resource
		ADDED from src/main/AndroidManifest.xml:47:17-54
	android:name
		ADDED from src/main/AndroidManifest.xml:46:17-79
activity#com.fr3ts0n.ecu.gui.androbd.UsbDeviceListActivity
ADDED from src/main/AndroidManifest.xml:49:9-54:15
	android:label
		ADDED from src/main/AndroidManifest.xml:52:13-50
	android:configChanges
		ADDED from src/main/AndroidManifest.xml:51:13-74
	android:theme
		ADDED from src/main/AndroidManifest.xml:53:13-61
	android:name
		ADDED from src/main/AndroidManifest.xml:50:13-50
activity#com.fr3ts0n.ecu.gui.androbd.BtDeviceListActivity
ADDED from src/main/AndroidManifest.xml:55:9-60:15
	android:label
		ADDED from src/main/AndroidManifest.xml:58:13-50
	android:configChanges
		ADDED from src/main/AndroidManifest.xml:57:13-74
	android:theme
		ADDED from src/main/AndroidManifest.xml:59:13-61
	android:name
		ADDED from src/main/AndroidManifest.xml:56:13-49
activity#com.fr3ts0n.ecu.gui.androbd.ChartActivity
ADDED from src/main/AndroidManifest.xml:61:9-66:15
	android:label
		ADDED from src/main/AndroidManifest.xml:64:13-42
	android:configChanges
		ADDED from src/main/AndroidManifest.xml:63:13-71
	android:theme
		ADDED from src/main/AndroidManifest.xml:65:13-49
	android:name
		ADDED from src/main/AndroidManifest.xml:62:13-42
activity#com.fr3ts0n.ecu.gui.androbd.DashBoardActivity
ADDED from src/main/AndroidManifest.xml:67:9-72:15
	android:label
		ADDED from src/main/AndroidManifest.xml:70:13-46
	android:configChanges
		ADDED from src/main/AndroidManifest.xml:69:13-71
	android:theme
		ADDED from src/main/AndroidManifest.xml:71:13-49
	android:name
		ADDED from src/main/AndroidManifest.xml:68:13-46
activity#com.fr3ts0n.ecu.gui.androbd.SettingsActivity
ADDED from src/main/AndroidManifest.xml:73:9-78:15
	android:label
		ADDED from src/main/AndroidManifest.xml:76:13-45
	android:configChanges
		ADDED from src/main/AndroidManifest.xml:75:13-71
	android:theme
		ADDED from src/main/AndroidManifest.xml:77:13-49
	android:name
		ADDED from src/main/AndroidManifest.xml:74:13-45
uses-sdk
INJECTED from src/main/AndroidManifest.xml reason: use-sdk injection requested
INJECTED from src/main/AndroidManifest.xml
INJECTED from src/main/AndroidManifest.xml
MERGED from [:plugin] AndroidManifest.xml:7:5-9:41
MERGED from [:plugin] AndroidManifest.xml:7:5-9:41
INJECTED from src/main/AndroidManifest.xml
INJECTED from src/main/AndroidManifest.xml
	android:targetSdkVersion
		INJECTED from src/main/AndroidManifest.xml
		ADDED from src/main/AndroidManifest.xml
		INJECTED from src/main/AndroidManifest.xml
	android:minSdkVersion
		INJECTED from src/main/AndroidManifest.xml
		ADDED from src/main/AndroidManifest.xml
		INJECTED from src/main/AndroidManifest.xml
activity#com.fr3ts0n.androbd.plugin.mgr.PluginManager
ADDED from [:plugin] AndroidManifest.xml:14:9-18:52
	android:label
		ADDED from [:plugin] AndroidManifest.xml:17:13-45
	android:configChanges
		ADDED from [:plugin] AndroidManifest.xml:16:13-71
	android:theme
		ADDED from [:plugin] AndroidManifest.xml:18:13-49
	android:name
		ADDED from [:plugin] AndroidManifest.xml:15:13-72